D:\高速网路测量\并行LRU\CASE_CACHE_PARALLER_LRU_V6_无锁队列_多线程\CASE_CACHE_ADD_CAL_MODULE\X64\RELEASE\MAIN.OBJ
D:\高速网路测量\并行LRU\CASE_CACHE_PARALLER_LRU_V6_无锁队列_多线程\CASE_CACHE_ADD_CAL_MODULE\X64\RELEASE\VC110.PDB
D:\高速网路测量\并行LRU\CASE_CACHE_PARALLER_LRU_V6_无锁队列_多线程_PRINT CAL\CASE_CACHE_ADD_CAL_MODULE\X64\RELEASE\MAIN.OBJ
D:\高速网路测量\并行LRU\CASE_CACHE_PARALLER_LRU_V6_无锁队列_多线程_PRINT CAL\CASE_CACHE_ADD_CAL_MODULE\X64\RELEASE\VC110.PDB
D:\高速网路测量\并行LRU\CASE_CACHE_PARALLER_LRU_V6_无锁队列_多线程\X64\RELEASE\CASE_CACHE_ADD_CAL_MODULE.EXE
D:\高速网路测量\并行LRU\CASE_CACHE_PARALLER_LRU_V6_无锁队列_多线程\X64\RELEASE\CASE_CACHE_ADD_CAL_MODULE.PDB
D:\高速网路测量\并行LRU\CASE_CACHE_PARALLER_LRU_V6_无锁队列_多线程_PRINT CAL\X64\RELEASE\CASE_CACHE_ADD_CAL_MODULE.EXE
D:\高速网路测量\并行LRU\CASE_CACHE_PARALLER_LRU_V6_无锁队列_多线程_PRINT CAL\X64\RELEASE\CASE_CACHE_ADD_CAL_MODULE.PDB
D:\高速网路测量\并行LRU\CASE_Cache_paraller_LRU_v6_无锁队列_多线程_print cal\CASE_Cache_add_cal_module\x64\Release\main.obj
D:\高速网路测量\并行LRU\CASE_Cache_paraller_LRU_v6_无锁队列_多线程_print cal\CASE_Cache_add_cal_module\x64\Release\cl.command.1.tlog
D:\高速网路测量\并行LRU\CASE_Cache_paraller_LRU_v6_无锁队列_多线程_print cal\CASE_Cache_add_cal_module\x64\Release\CL.read.1.tlog
D:\高速网路测量\并行LRU\CASE_Cache_paraller_LRU_v6_无锁队列_多线程_print cal\CASE_Cache_add_cal_module\x64\Release\CL.write.1.tlog
D:\高速网路测量\并行LRU\CASE_Cache_paraller_LRU_v6_无锁队列_多线程_print cal\CASE_Cache_add_cal_module\x64\Release\link-cvtres.read.1.tlog
D:\高速网路测量\并行LRU\CASE_Cache_paraller_LRU_v6_无锁队列_多线程_print cal\CASE_Cache_add_cal_module\x64\Release\link-cvtres.write.1.tlog
D:\高速网路测量\并行LRU\CASE_Cache_paraller_LRU_v6_无锁队列_多线程_print cal\CASE_Cache_add_cal_module\x64\Release\link-rc.read.1.tlog
D:\高速网路测量\并行LRU\CASE_Cache_paraller_LRU_v6_无锁队列_多线程_print cal\CASE_Cache_add_cal_module\x64\Release\link-rc.write.1.tlog
D:\高速网路测量\并行LRU\CASE_Cache_paraller_LRU_v6_无锁队列_多线程_print cal\CASE_Cache_add_cal_module\x64\Release\link.command.1.tlog
D:\高速网路测量\并行LRU\CASE_Cache_paraller_LRU_v6_无锁队列_多线程_print cal\CASE_Cache_add_cal_module\x64\Release\link.read.1.tlog
D:\高速网路测量\并行LRU\CASE_Cache_paraller_LRU_v6_无锁队列_多线程_print cal\CASE_Cache_add_cal_module\x64\Release\link.write.1.tlog
D:\高速网路测量\并行LRU\CASE_Cache_paraller_LRU_v6_无锁队列_多线程_print cal\CASE_Cache_add_cal_module\x64\Release\vc110.pdb
D:\高速网路测量\并行LRU\CASE_Cache_paraller_LRU_v6_无锁队列_多线程_print cal\x64\Release\CASE_Cache_add_cal_module.pdb
D:\高速网路测量\并行LRU\CASE_Cache_paraller_LRU_v6_无锁队列_多线程_print cal\x64\Release\CASE_Cache_add_cal_module.exe
